This is pdfTeX, Version 3.1415926-1.40.10 (MiKTeX 2.8) (preloaded format=pdflatex 2010.1.4)  18 APR 2013 09:02
entering extended mode
**H:/_Arbeitsbereich/Forschung/Artikel/MQ*-*Model*Querying/MQ-6a-DMQL*Declarati
ve*Model*Query*Language/Final_Submission/7.tex

("H:/_Arbeitsbereich/Forschung/Artikel/MQ - Model Querying/MQ-6a-DMQL Declarati
ve Model Query Language/Final_Submission/7.tex"
LaTeX2e <2005/12/01>
Babel <v3.8l> and hyphenation patterns for english, dumylang, nohyphenation, ge
rman, ngerman, german-x-2009-06-19, ngerman-x-2009-06-19, french, loaded.

("H:\_Arbeitsbereich\Forschung\Artikel\MQ - Model Querying\MQ-6a-DMQL Declarati
ve Model Query Language\Final_Submission\llncs.cls"
Document Class: llncs 1999/04/27 v2.6 
LaTeX document class for Lecture Notes in Computer Science
("C:\Program Files\MiKTeX 2.8\tex\latex\base\article.cls"
Document Class: article 2005/09/16 v1.4f Standard LaTeX document class
("C:\Program Files\MiKTeX 2.8\tex\latex\base\size10.clo"
File: size10.clo 2005/09/16 v1.4f Standard LaTeX file (size option)
)
\c@part=\count79
\c@section=\count80
\c@subsection=\count81
\c@subsubsection=\count82
\c@paragraph=\count83
\c@subparagraph=\count84
\c@figure=\count85
\c@table=\count86
\abovecaptionskip=\skip41
\belowcaptionskip=\skip42
\bibindent=\dimen102
)
("C:\Program Files\MiKTeX 2.8\tex\latex\tools\multicol.sty"
Package: multicol 2006/05/18 v1.6g multicolumn formatting (FMi)
\c@tracingmulticols=\count87
\mult@box=\box26
\multicol@leftmargin=\dimen103
\c@unbalance=\count88
\c@collectmore=\count89
\doublecol@number=\count90
\multicoltolerance=\count91
\multicolpretolerance=\count92
\full@width=\dimen104
\page@free=\dimen105
\premulticols=\dimen106
\postmulticols=\dimen107
\multicolsep=\skip43
\multicolbaselineskip=\skip44
\partial@page=\box27
\last@line=\box28
\mult@rightbox=\box29
\mult@grightbox=\box30
\mult@gfirstbox=\box31
\mult@firstbox=\box32
\@tempa=\box33
\@tempa=\box34
\@tempa=\box35
\@tempa=\box36
\@tempa=\box37
\@tempa=\box38
\@tempa=\box39
\@tempa=\box40
\@tempa=\box41
\@tempa=\box42
\@tempa=\box43
\@tempa=\box44
\@tempa=\box45
\@tempa=\box46
\@tempa=\box47
\@tempa=\box48
\@tempa=\box49
\c@columnbadness=\count93
\c@finalcolumnbadness=\count94
\last@try=\dimen108
\multicolovershoot=\dimen109
\multicolundershoot=\dimen110
\mult@nat@firstbox=\box50
\colbreak@box=\box51
)
\c@chapter=\count95
LaTeX Font Info:    Redeclaring math symbol \Gamma on input line 197.
LaTeX Font Info:    Redeclaring math symbol \Delta on input line 198.
LaTeX Font Info:    Redeclaring math symbol \Theta on input line 199.
LaTeX Font Info:    Redeclaring math symbol \Lambda on input line 200.
LaTeX Font Info:    Redeclaring math symbol \Xi on input line 201.
LaTeX Font Info:    Redeclaring math symbol \Pi on input line 202.
LaTeX Font Info:    Redeclaring math symbol \Sigma on input line 203.
LaTeX Font Info:    Redeclaring math symbol \Upsilon on input line 204.
LaTeX Font Info:    Redeclaring math symbol \Phi on input line 205.
LaTeX Font Info:    Redeclaring math symbol \Psi on input line 206.
LaTeX Font Info:    Redeclaring math symbol \Omega on input line 207.
\tocchpnum=\dimen111
\tocsecnum=\dimen112
\tocsectotal=\dimen113
\tocsubsecnum=\dimen114
\tocsubsectotal=\dimen115
\tocsubsubsecnum=\dimen116
\tocsubsubsectotal=\dimen117
\tocparanum=\dimen118
\tocparatotal=\dimen119
\tocsubparanum=\dimen120
\@tempcntc=\count96
\fnindent=\dimen121
\c@@inst=\count97
\c@@auth=\count98
\c@auco=\count99
\instindent=\dimen122
\authrun=\box52
\authorrunning=\toks14
\tocauthor=\toks15
\titrun=\box53
\titlerunning=\toks16
\toctitle=\toks17
\c@theorem=\count100
\c@case=\count101
\c@conjecture=\count102
\c@corollary=\count103
\c@definition=\count104
\c@example=\count105
\c@exercise=\count106
\c@lemma=\count107
\c@note=\count108
\c@problem=\count109
\c@property=\count110
\c@proposition=\count111
\c@question=\count112
\c@solution=\count113
\c@remark=\count114
\headlineindent=\dimen123
)
("C:\Program Files\MiKTeX 2.8\tex\latex\base\latexsym.sty"
Package: latexsym 1998/08/17 v2.2e Standard LaTeX package (lasy symbols)
\symlasy=\mathgroup4
LaTeX Font Info:    Overwriting symbol font `lasy' in version `bold'
(Font)                  U/lasy/m/n --> U/lasy/b/n on input line 47.
)
("C:\Program Files\MiKTeX 2.8\tex\latex\rotating\rotating.sty"
Package: rotating 2009/03/28 v2.16a rotated objects in LaTeX

("C:\Program Files\MiKTeX 2.8\tex\latex\graphics\graphicx.sty"
Package: graphicx 1999/02/16 v1.0f Enhanced LaTeX Graphics (DPC,SPQR)

("C:\Program Files\MiKTeX 2.8\tex\latex\graphics\keyval.sty"
Package: keyval 1999/03/16 v1.13 key=value parser (DPC)
\KV@toks@=\toks18
)
("C:\Program Files\MiKTeX 2.8\tex\latex\graphics\graphics.sty"
Package: graphics 2006/02/20 v1.0o Standard LaTeX Graphics (DPC,SPQR)

("C:\Program Files\MiKTeX 2.8\tex\latex\graphics\trig.sty"
Package: trig 1999/03/16 v1.09 sin cos tan (DPC)
)
("C:\Program Files\MiKTeX 2.8\tex\latex\00miktex\graphics.cfg"
File: graphics.cfg 2007/01/18 v1.5 graphics configuration of teTeX/TeXLive
)
Package graphics Info: Driver file: pdftex.def on input line 90.

("C:\Program Files\MiKTeX 2.8\tex\latex\pdftex-def\pdftex.def"
File: pdftex.def 2009/08/25 v0.04m Graphics/color for pdfTeX
\Gread@gobject=\count115
))
\Gin@req@height=\dimen124
\Gin@req@width=\dimen125
)
("C:\Program Files\MiKTeX 2.8\tex\latex\base\ifthen.sty"
Package: ifthen 2001/05/26 v1.1c Standard LaTeX ifthen package (DPC)
)
\c@r@tfl@t=\count116
\rotFPtop=\skip45
\rotFPbot=\skip46
\rot@float@box=\box54
\rot@mess@toks=\toks19
)
("C:\Program Files\MiKTeX 2.8\tex\latex\tools\theorem.sty"
Package: theorem 1995/11/23 v2.2c Theorem extension package (FMi)
\theorem@style=\toks20
\theorem@bodyfont=\toks21
\theorempreskipamount=\skip47
\theorempostskipamount=\skip48

("C:\Program Files\MiKTeX 2.8\tex\latex\tools\thp.sty"
File: thp.sty 1995/11/23 v2.2c Theorem extension package (FMi)
))
("C:\Program Files\MiKTeX 2.8\tex\latex\tools\xspace.sty"
Package: xspace 2006/05/08 v1.12 Space after command names (DPC,MH)
)
("C:\Program Files\MiKTeX 2.8\tex\latex\ltxmisc\url.sty"
\Urlmuskip=\muskip10
Package: url 2006/04/12  ver 3.3  Verb mode for urls, etc.
)
("H:\_Arbeitsbereich\Forschung\Artikel\MQ - Model Querying\MQ-6a-DMQL Declarati
ve Model Query Language\Final_Submission\ComparisonTable.tex"
("C:\Program Files\MiKTeX 2.8\tex\latex\psnfss\pifont.sty"
Package: pifont 2005/04/12 PSNFSS-v9.2a Pi font support (SPQR) 
LaTeX Font Info:    Try loading font information for U+pzd on input line 63.

("C:\Program Files\MiKTeX 2.8\tex\latex\psnfss\upzd.fd"
File: upzd.fd 2001/06/04 font definitions for U/pzd.
)
LaTeX Font Info:    Try loading font information for U+psy on input line 64.

("C:\Program Files\MiKTeX 2.8\tex\latex\psnfss\upsy.fd"
File: upsy.fd 2001/06/04 font definitions for U/psy.
)))
("H:\_Arbeitsbereich\Forschung\Artikel\MQ - Model Querying\MQ-6a-DMQL Declarati
ve Model Query Language\Final_Submission\Guillemets.tex")
("H:\_Arbeitsbereich\Forschung\Artikel\MQ - Model Querying\MQ-6a-DMQL Declarati
ve Model Query Language\Final_Submission\Figures.tex"
("C:\Program Files\MiKTeX 2.8\tex\generic\dvips\rotate.sty"
\rotdimen=\dimen126
)
\FOOheight=\skip49
)
("H:\_Arbeitsbereich\Forschung\Artikel\MQ - Model Querying\MQ-6a-DMQL Declarati
ve Model Query Language\Final_Submission\Text.tex")
("H:\_Arbeitsbereich\Forschung\Artikel\MQ - Model Querying\MQ-6a-DMQL Declarati
ve Model Query Language\Final_Submission\7.aux")
LaTeX Font Info:    Checking defaults for OML/cmm/m/it on input line 21.
LaTeX Font Info:    ... okay on input line 21.
LaTeX Font Info:    Checking defaults for T1/cmr/m/n on input line 21.
LaTeX Font Info:    ... okay on input line 21.
LaTeX Font Info:    Checking defaults for OT1/cmr/m/n on input line 21.
LaTeX Font Info:    ... okay on input line 21.
LaTeX Font Info:    Checking defaults for OMS/cmsy/m/n on input line 21.
LaTeX Font Info:    ... okay on input line 21.
LaTeX Font Info:    Checking defaults for OMX/cmex/m/n on input line 21.
LaTeX Font Info:    ... okay on input line 21.
LaTeX Font Info:    Checking defaults for U/cmr/m/n on input line 21.
LaTeX Font Info:    ... okay on input line 21.

("C:\Program Files\MiKTeX 2.8\tex\context\base\supp-pdf.tex"
[Loading MPS to PDF converter (version 2006.09.02).]
\scratchcounter=\count117
\scratchdimen=\dimen127
\scratchbox=\box55
\nofMPsegments=\count118
\nofMParguments=\count119
\everyMPshowfont=\toks22
\MPscratchCnt=\count120
\MPscratchDim=\dimen128
\MPnumerator=\count121
\everyMPtoPDFconversion=\toks23
)
LaTeX Font Info:    External font `cmex10' loaded for size
(Font)              <7> on input line 23.
LaTeX Font Info:    External font `cmex10' loaded for size
(Font)              <5> on input line 23.
LaTeX Font Info:    Try loading font information for U+lasy on input line 23.
 ("C:\Program Files\MiKTeX 2.8\tex\latex\base\ulasy.fd"
File: ulasy.fd 1998/08/17 v2.2e LaTeX symbol font definitions
) [1

{C:/Documents and Settings/All Users/Application Data/MiKTeX/2.8/pdftex/config/
pdftex.map}]
LaTeX Font Info:    External font `cmex10' loaded for size
(Font)              <9> on input line 44.
LaTeX Font Info:    External font `cmex10' loaded for size
(Font)              <6> on input line 44.

<SampleModels.pdf, id=11, 586.12776pt x 216.24188pt>
File: SampleModels.pdf Graphic file (type pdf)
 <use SampleModels.pdf>
[2] [3 <H:/_Arbeitsbereich/Forschung/Artikel/MQ - Model Querying/MQ-6a-DMQL Dec
larative Model Query Language/Final_Submission/SampleModels.pdf>] [4]
<MOCQLGrammar.pdf, id=69, 521.95pt x 774.56075pt>
File: MOCQLGrammar.pdf Graphic file (type pdf)
 <use MOCQLGrammar.pdf>
<SampleModelPL.pdf, id=70, 583.28217pt x 382.51508pt>
File: SampleModelPL.pdf Graphic file (type pdf)
 <use SampleModelPL.pdf>
[5] [6 <H:/_Arbeitsbereich/Forschung/Artikel/MQ - Model Querying/MQ-6a-DMQL Dec
larative Model Query Language/Final_Submission/MOCQLGrammar.pdf>] [7 <H:/_Arbei
tsbereich/Forschung/Artikel/MQ - Model Querying/MQ-6a-DMQL Declarative Model Qu
ery Language/Final_Submission/SampleModelPL.pdf>]
<ParseTree1.pdf, id=155, 457.71pt x 219.71083pt>
File: ParseTree1.pdf Graphic file (type pdf)
 <use ParseTree1.pdf> [8 <H:/_Arbeitsbereich/Forschung/Artikel/MQ - Model Query
ing/MQ-6a-DMQL Declarative Model Query Language/Final_Submission/ParseTree1.pdf
>]
<MOCQL-Architecture2.pdf, id=189, 433.62pt x 171.64125pt>
File: MOCQL-Architecture2.pdf Graphic file (type pdf)

<use MOCQL-Architecture2.pdf> [9 <H:/_Arbeitsbereich/Forschung/Artikel/MQ - Mod
el Querying/MQ-6a-DMQL Declarative Model Query Language/Final_Submission/MOCQL-
Architecture2.pdf>]

LaTeX Font Warning: Font shape `OT1/cmr/bx/sc' undefined
(Font)              using `OT1/cmr/bx/n' instead on input line 227.

<Scores.pdf, id=213, 361.35pt x 189.70876pt>
File: Scores.pdf Graphic file (type pdf)
 <use Scores.pdf> [10]
<Load.pdf, id=217, 361.35pt x 189.70876pt>
File: Load.pdf Graphic file (type pdf)
 <use Load.pdf> [11 <H:/_Arbeitsbereich/Forschung/Artikel/MQ - Model Querying/M
Q-6a-DMQL Declarative Model Query Language/Final_Submission/Scores.pdf>] [12 <H
:/_Arbeitsbereich/Forschung/Artikel/MQ - Model Querying/MQ-6a-DMQL Declarative 
Model Query Language/Final_Submission/Load.pdf>]
Overfull \hbox (4.12596pt too wide) in paragraph at lines 267--268
\OT1/cmr/m/n/10 We tested the hy-poth-e-sis that sub-jects per-formed bet-ter u
s-ing OCL than MOCQL
 []

[13] [14] [15]
("H:\_Arbeitsbereich\Forschung\Artikel\MQ - Model Querying\MQ-6a-DMQL Declarati
ve Model Query Language\Final_Submission\7.bbl" [16]
Missing character: There is no é in font cmr9!
Missing character: There is no í in font cmr9!
) [17]
("H:\_Arbeitsbereich\Forschung\Artikel\MQ - Model Querying\MQ-6a-DMQL Declarati
ve Model Query Language\Final_Submission\7.aux")

LaTeX Font Warning: Some font shapes were not available, defaults substituted.

 ) 
Here is how much of TeX's memory you used:
 1766 strings out of 495285
 24103 string characters out of 3180344
 84008 words of memory out of 3000000
 4936 multiletter control sequences out of 15000+200000
 10534 words of font info for 40 fonts, out of 3000000 for 9000
 14 hyphenation exceptions out of 8191
 32i,10n,21p,1497b,335s stack positions out of 5000i,500n,10000p,200000b,50000s
<C:/Program Files/MiKTeX 2.8/fonts/type1/public/amsfonts/cm/cmbx10.pfb><C:/Pr
ogram Files/MiKTeX 2.8/fonts/type1/public/amsfonts/cm/cmbx12.pfb><C:/Program Fi
les/MiKTeX 2.8/fonts/type1/public/amsfonts/cm/cmbx9.pfb><C:/Program Files/MiKTe
X 2.8/fonts/type1/public/amsfonts/cm/cmmi10.pfb><C:/Program Files/MiKTeX 2.8/fo
nts/type1/public/amsfonts/cm/cmmi9.pfb><C:/Program Files/MiKTeX 2.8/fonts/type1
/public/amsfonts/cm/cmr10.pfb><C:/Program Files/MiKTeX 2.8/fonts/type1/public/a
msfonts/cm/cmr6.pfb><C:/Program Files/MiKTeX 2.8/fonts/type1/public/amsfonts/cm
/cmr7.pfb><C:/Program Files/MiKTeX 2.8/fonts/type1/public/amsfonts/cm/cmr9.pfb>
<C:/Program Files/MiKTeX 2.8/fonts/type1/public/amsfonts/cm/cmsy6.pfb><C:/Progr
am Files/MiKTeX 2.8/fonts/type1/public/amsfonts/cm/cmsy7.pfb><C:/Program Files/
MiKTeX 2.8/fonts/type1/public/amsfonts/cm/cmsy9.pfb><C:/Program Files/MiKTeX 2.
8/fonts/type1/public/amsfonts/cm/cmti10.pfb><C:/Program Files/MiKTeX 2.8/fonts/
type1/public/amsfonts/cm/cmti7.pfb><C:/Program Files/MiKTeX 2.8/fonts/type1/pub
lic/amsfonts/cm/cmti9.pfb><C:/Program Files/MiKTeX 2.8/fonts/type1/public/amsfo
nts/cm/cmtt10.pfb><C:/Program Files/MiKTeX 2.8/fonts/type1/public/amsfonts/cm/c
mtt9.pfb>
Output written on 7.pdf (17 pages, 1913062 bytes).
PDF statistics:
 369 PDF objects out of 1000 (max. 8388607)
 0 named destinations out of 1000 (max. 500000)
 36 words of extra memory for PDF output out of 10000 (max. 10000000)

